20221026 22:59:17 #10352 app INFO  ["主进程ID:10352"] 
20221026 22:59:17 #10352 app INFO  ["Start http server"] 
20221026 22:59:17 #10355 app INFO  ["注册中心进程ID:10355"] 
20221026 22:59:17 #10358 app INFO  ["Worker 进程ID:10358"] 
20221026 22:59:17 #10359 app INFO  ["Worker 进程ID:10359"] 
20221026 22:59:17 #10360 app INFO  ["Worker 进程ID:10360"] 
20221026 22:59:17 #10361 app INFO  ["Worker 进程ID:10361"] 
20221026 22:59:17 #10362 app INFO  ["Worker 进程ID:10362"] 
20221026 22:59:17 #10363 app INFO  ["Worker 进程ID:10363"] 
20221026 22:59:17 #10364 app INFO  ["Worker 进程ID:10364"] 
20221026 22:59:17 #10365 app INFO  ["Worker 进程ID:10365"] 
20221026 22:59:17 #10366 app INFO  ["Worker 进程ID:10366"] 
20221026 22:59:17 #10367 app INFO  ["Worker 进程ID:10367"] 
20221026 22:59:17 #10368 app INFO  ["Worker 进程ID:10368"] 
20221026 22:59:17 #10369 app INFO  ["Worker 进程ID:10369"] 
20221026 22:59:17 #10370 app INFO  ["Worker 进程ID:10370"] 
20221026 22:59:17 #10371 app INFO  ["Worker 进程ID:10371"] 
20221026 22:59:17 #10372 app INFO  ["Worker 进程ID:10372"] 
20221026 22:59:17 #10373 app INFO  ["Worker 进程ID:10373"] 
20221026 22:59:17 #10374 app INFO  ["Worker 进程ID:10374"] 
20221026 22:59:17 #10375 app INFO  ["Worker 进程ID:10375"] 
20221026 22:59:17 #10376 app INFO  ["Worker 进程ID:10376"] 
20221026 22:59:17 #10377 app INFO  ["Worker 进程ID:10377"] 
20221026 22:59:17 #10378 app INFO  ["Worker 进程ID:10378"] 
20221026 22:59:17 #10379 app INFO  ["Worker 进程ID:10379"] 
20221026 22:59:17 #10380 app INFO  ["Worker 进程ID:10380"] 
20221026 22:59:17 #10381 app INFO  ["Worker 进程ID:10381"] 
20221026 22:59:17 #10382 app INFO  ["Worker 进程ID:10382"] 
20221026 22:59:17 #10383 app INFO  ["Worker 进程ID:10383"] 
20221026 22:59:17 #10384 app INFO  ["Worker 进程ID:10384"] 
20221026 22:59:17 #10385 app INFO  ["Worker 进程ID:10385"] 
20221026 22:59:17 #10386 app INFO  ["Worker 进程ID:10386"] 
20221026 22:59:17 #10387 app INFO  ["Worker 进程ID:10387"] 
20221026 22:59:17 #10388 app INFO  ["Worker 进程ID:10388"] 
20221026 22:59:17 #10389 app INFO  ["Worker 进程ID:10389"] 
20221026 22:59:17 #10390 app INFO  ["Worker 进程ID:10390"] 
20221026 22:59:17 #10391 app INFO  ["Worker 进程ID:10391"] 
20221026 22:59:17 #10392 app INFO  ["Worker 进程ID:10392"] 
20221026 22:59:17 #10393 app INFO  ["Worker 进程ID:10393"] 
20221026 22:59:17 #10394 app INFO  ["Worker 进程ID:10394"] 
20221026 22:59:17 #10395 app INFO  ["Worker 进程ID:10395"] 
20221026 22:59:17 #10396 app INFO  ["Worker 进程ID:10396"] 
20221026 22:59:17 #10397 app INFO  ["Worker 进程ID:10397"] 
20221026 22:59:17 #10398 app INFO  ["Worker 进程ID:10398"] 
20221026 22:59:17 #10399 app INFO  ["Worker 进程ID:10399"] 
20221026 22:59:17 #10400 app INFO  ["Worker 进程ID:10400"] 
20221026 22:59:17 #10401 app INFO  ["Worker 进程ID:10401"] 
20221026 22:59:17 #10402 app INFO  ["Worker 进程ID:10402"] 
20221026 22:59:17 #10403 app INFO  ["Worker 进程ID:10403"] 
20221026 22:59:17 #10404 app INFO  ["Worker 进程ID:10404"] 
20221026 22:59:17 #10405 app INFO  ["Worker 进程ID:10405"] 
20221026 22:59:17 #10406 app INFO  ["Worker 进程ID:10406"] 
20221026 22:59:17 #10407 app INFO  ["Worker 进程ID:10407"] 
20221026 22:59:17 #10408 app INFO  ["Worker 进程ID:10408"] 
20221026 22:59:17 #10409 app INFO  ["Worker 进程ID:10409"] 
20221026 22:59:17 #10410 app INFO  ["Worker 进程ID:10410"] 
20221026 22:59:17 #10411 app INFO  ["Worker 进程ID:10411"] 
20221026 22:59:17 #10412 app INFO  ["Worker 进程ID:10412"] 
20221026 22:59:17 #10413 app INFO  ["Worker 进程ID:10413"] 
20221026 22:59:17 #10414 app INFO  ["Worker 进程ID:10414"] 
20221026 22:59:17 #10415 app INFO  ["Worker 进程ID:10415"] 
20221026 22:59:17 #10416 app INFO  ["Worker 进程ID:10416"] 
20221026 22:59:17 #10417 app INFO  ["Worker 进程ID:10417"] 
20221026 22:59:17 #10418 app INFO  ["Worker 进程ID:10418"] 
20221026 22:59:17 #10419 app INFO  ["Worker 进程ID:10419"] 
20221026 22:59:17 #10420 app INFO  ["Worker 进程ID:10420"] 
20221026 22:59:17 #10421 app INFO  ["Worker 进程ID:10421"] 
20221026 22:59:17 #10422 app INFO  ["Worker 进程ID:10422"] 
20221026 22:59:17 #10423 app INFO  ["Worker 进程ID:10423"] 
20221026 22:59:17 #10424 app INFO  ["Worker 进程ID:10424"] 
20221026 22:59:17 #10425 app INFO  ["Worker 进程ID:10425"] 
20221026 22:59:17 #10426 app INFO  ["Worker 进程ID:10426"] 
20221026 22:59:17 #10427 app INFO  ["Worker 进程ID:10427"] 
20221026 22:59:17 #10428 app INFO  ["Worker 进程ID:10428"] 
20221026 22:59:17 #10429 app INFO  ["Worker 进程ID:10429"] 
20221026 22:59:17 #10430 app INFO  ["Worker 进程ID:10430"] 
20221026 22:59:17 #10431 app INFO  ["Worker 进程ID:10431"] 
20221026 22:59:17 #10432 app INFO  ["Worker 进程ID:10432"] 
20221026 22:59:17 #10433 app INFO  ["Worker 进程ID:10433"] 
20221026 22:59:17 #10434 app INFO  ["Worker 进程ID:10434"] 
20221026 22:59:17 #10435 app INFO  ["Worker 进程ID:10435"] 
20221026 22:59:17 #10436 app INFO  ["Worker 进程ID:10436"] 
20221026 22:59:17 #10437 app INFO  ["Worker 进程ID:10437"] 
20221026 22:59:17 #10438 app INFO  ["Worker 进程ID:10438"] 
20221026 22:59:17 #10439 app INFO  ["Worker 进程ID:10439"] 
20221026 22:59:17 #10440 app INFO  ["Worker 进程ID:10440"] 
20221026 22:59:17 #10441 app INFO  ["Worker 进程ID:10441"] 
20221026 22:59:17 #10442 app INFO  ["Worker 进程ID:10442"] 
20221026 22:59:17 #10443 app INFO  ["Worker 进程ID:10443"] 
20221026 22:59:17 #10444 app INFO  ["Worker 进程ID:10444"] 
20221026 22:59:17 #10445 app INFO  ["Worker 进程ID:10445"] 
20221026 22:59:17 #10446 app INFO  ["Worker 进程ID:10446"] 
20221026 22:59:17 #10447 app INFO  ["Worker 进程ID:10447"] 
20221026 22:59:17 #10448 app INFO  ["Worker 进程ID:10448"] 
20221026 22:59:17 #10449 app INFO  ["Worker 进程ID:10449"] 
20221026 22:59:17 #10450 app INFO  ["Worker 进程ID:10450"] 
20221026 22:59:17 #10451 app INFO  ["Worker 进程ID:10451"] 
20221026 22:59:17 #10452 app INFO  ["Worker 进程ID:10452"] 
20221026 22:59:17 #10453 app INFO  ["Worker 进程ID:10453"] 
20221026 22:59:17 #10454 app INFO  ["Worker 进程ID:10454"] 
20221026 22:59:17 #10455 app INFO  ["Worker 进程ID:10455"] 
20221026 22:59:17 #10456 app INFO  ["Worker 进程ID:10456"] 
20221026 22:59:17 #10457 app INFO  ["Worker 进程ID:10457"] 
20221026 22:59:22 #10458 app INFO  ["消息进程ID:10458\n"] 
20221026 22:59:22 #10460 app INFO  ["消息进程ID:10460\n"] 
20221026 22:59:22 #10461 app INFO  ["消息进程ID:10461\n"] 
20221026 22:59:22 #10462 app INFO  ["消息进程ID:10462\n"] 
20221026 22:59:22 #10463 app INFO  ["消息进程ID:10463\n"] 
20221026 22:59:22 #10464 app INFO  ["消息进程ID:10464\n"] 
20221026 22:59:22 #10466 app INFO  ["消息进程ID:10466\n"] 
20221026 22:59:22 #10468 app INFO  ["消息进程ID:10468\n"] 
20221026 22:59:22 #10469 app INFO  ["消息进程ID:10469\n"] 
20221026 22:59:22 #10459 app INFO  ["消息进程ID:10459\n"] 
20221026 22:59:22 #10470 app INFO  ["消息进程ID:10470\n"] 
20221026 22:59:22 #10471 app INFO  ["消息进程ID:10471\n"] 
20221026 22:59:22 #10465 app INFO  ["消息进程ID:10465\n"] 
20221026 22:59:22 #10472 app INFO  ["消息进程ID:10472\n"] 
20221026 22:59:22 #10467 app INFO  ["消息进程ID:10467\n"] 
20221026 22:59:22 #10473 app INFO  ["消息进程ID:10473\n"] 
20221026 22:59:22 #10474 app INFO  ["消息进程ID:10474\n"] 
20221026 22:59:22 #10475 app INFO  ["消息进程ID:10475\n"] 
20221026 22:59:22 #10476 app INFO  ["消息进程ID:10476\n"] 
20221026 22:59:22 #10477 app INFO  ["消息进程ID:10477\n"] 
20221026 22:59:22 #10478 app INFO  ["消息进程ID:10478\n"] 
20221026 22:59:22 #10479 app INFO  ["消息进程ID:10479\n"] 
20221026 22:59:23 #10480 app INFO  ["消息进程ID:10480\n"] 
20221026 22:59:23 #10481 app INFO  ["消息进程ID:10481\n"] 
20221026 22:59:23 #10482 app INFO  ["消息进程ID:10482\n"] 
20221026 22:59:23 #10484 app INFO  ["消息进程ID:10484\n"] 
20221026 22:59:23 #10485 app INFO  ["消息进程ID:10485\n"] 
20221026 22:59:23 #10486 app INFO  ["消息进程ID:10486\n"] 
20221026 22:59:23 #10483 app INFO  ["消息进程ID:10483\n"] 
20221026 22:59:23 #10487 app INFO  ["消息进程ID:10487\n"] 
20221026 22:59:23 #10488 app INFO  ["消息进程ID:10488\n"] 
20221026 22:59:23 #10489 app INFO  ["消息进程ID:10489\n"] 
20221026 22:59:23 #10490 app INFO  ["消息进程ID:10490\n"] 
20221026 22:59:23 #10491 app INFO  ["消息进程ID:10491\n"] 
20221026 22:59:23 #10492 app INFO  ["消息进程ID:10492\n"] 
20221026 22:59:23 #10493 app INFO  ["消息进程ID:10493\n"] 
20221026 22:59:23 #10494 app INFO  ["消息进程ID:10494\n"] 
20221026 22:59:23 #10495 app INFO  ["消息进程ID:10495\n"] 
20221026 22:59:23 #10496 app INFO  ["消息进程ID:10496\n"] 
20221026 22:59:23 #10497 app INFO  ["消息进程ID:10497\n"] 
20221026 22:59:23 #10498 app INFO  ["消息进程ID:10498\n"] 
20221026 22:59:23 #10499 app INFO  ["消息进程ID:10499\n"] 
20221026 22:59:23 #10501 app INFO  ["消息进程ID:10501\n"] 
20221026 22:59:23 #10502 app INFO  ["消息进程ID:10502\n"] 
20221026 22:59:23 #10503 app INFO  ["消息进程ID:10503\n"] 
20221026 22:59:23 #10504 app INFO  ["消息进程ID:10504\n"] 
20221026 22:59:23 #10505 app INFO  ["消息进程ID:10505\n"] 
20221026 22:59:23 #10506 app INFO  ["消息进程ID:10506\n"] 
20221026 22:59:23 #10507 app INFO  ["消息进程ID:10507\n"] 
20221026 22:59:23 #10509 app INFO  ["消息进程ID:10509\n"] 
20221026 22:59:23 #10510 app INFO  ["消息进程ID:10510\n"] 
20221026 22:59:23 #10511 app INFO  ["消息进程ID:10511\n"] 
20221026 22:59:23 #10500 app INFO  ["消息进程ID:10500\n"] 
20221026 22:59:23 #10508 app INFO  ["消息进程ID:10508\n"] 
20221026 22:59:23 #10512 app INFO  ["消息进程ID:10512\n"] 
20221026 22:59:23 #10513 app INFO  ["消息进程ID:10513\n"] 
20221026 22:59:23 #10514 app INFO  ["消息进程ID:10514\n"] 
20221026 22:59:23 #10515 app INFO  ["消息进程ID:10515\n"] 
20221026 22:59:23 #10516 app INFO  ["消息进程ID:10516\n"] 
20221026 22:59:23 #10517 app INFO  ["消息进程ID:10517\n"] 
20221026 22:59:23 #10518 app INFO  ["消息进程ID:10518\n"] 
20221026 22:59:23 #10467 app INFO  ["ARCH_TEST2_QUEUE 开始消费Worker 进程ID:10467"] 
20221026 22:59:23 #10462 app INFO  ["ARCH_TEST2_QUEUE 开始消费Worker 进程ID:10462"] 
20221026 22:59:23 #10472 app INFO  ["ARCH_TEST2_QUEUE 开始消费Worker 进程ID:10472"] 
20221026 22:59:23 #10474 app INFO  ["ARCH_TEST2_QUEUE 开始消费Worker 进程ID:10474"] 
20221026 22:59:23 #10475 app INFO  ["ARCH_TEST2_QUEUE 开始消费Worker 进程ID:10475"] 
20221026 22:59:23 #10470 app INFO  ["ARCH_TEST2_QUEUE 开始消费Worker 进程ID:10470"] 
20221026 22:59:23 #10484 app INFO  ["ARCH_TEST2_QUEUE 开始消费Worker 进程ID:10484"] 
20221026 22:59:23 #10465 app INFO  ["ARCH_TEST2_QUEUE 开始消费Worker 进程ID:10465"] 
20221026 22:59:23 #10485 app INFO  ["ARCH_TEST2_QUEUE 开始消费Worker 进程ID:10485"] 
20221026 22:59:23 #10480 app INFO  ["ARCH_TEST2_QUEUE 开始消费Worker 进程ID:10480"] 
20221026 22:59:23 #10477 app INFO  ["ARCH_TEST2_QUEUE 开始消费Worker 进程ID:10477"] 
20221026 22:59:23 #10478 app INFO  ["ARCH_TEST2_QUEUE 开始消费Worker 进程ID:10478"] 
20221026 22:59:23 #10469 app INFO  ["ARCH_TEST2_QUEUE 开始消费Worker 进程ID:10469"] 
20221026 22:59:23 #10476 app INFO  ["ARCH_TEST2_QUEUE 开始消费Worker 进程ID:10476"] 
20221026 22:59:23 #10479 app INFO  ["ARCH_TEST2_QUEUE 开始消费Worker 进程ID:10479"] 
20221026 22:59:23 #10468 app INFO  ["ARCH_TEST2_QUEUE 开始消费Worker 进程ID:10468"] 
20221026 22:59:23 #10481 app INFO  ["ARCH_TEST2_QUEUE 开始消费Worker 进程ID:10481"] 
20221026 22:59:23 #10458 app INFO  ["ARCH_TEST2_QUEUE 开始消费Worker 进程ID:10458"] 
20221026 22:59:23 #10460 app INFO  ["ARCH_TEST2_QUEUE 开始消费Worker 进程ID:10460"] 
20221026 22:59:23 #10482 app INFO  ["ARCH_TEST2_QUEUE 开始消费Worker 进程ID:10482"] 
20221026 22:59:23 #10463 app INFO  ["ARCH_TEST2_QUEUE 开始消费Worker 进程ID:10463"] 
20221026 22:59:23 #10473 app INFO  ["ARCH_TEST2_QUEUE 开始消费Worker 进程ID:10473"] 
20221026 22:59:23 #10459 app INFO  ["ARCH_TEST2_QUEUE 开始消费Worker 进程ID:10459"] 
20221026 22:59:23 #10466 app INFO  ["ARCH_TEST2_QUEUE 开始消费Worker 进程ID:10466"] 
20221026 22:59:23 #10464 app INFO  ["ARCH_TEST2_QUEUE 开始消费Worker 进程ID:10464"] 
20221026 22:59:23 #10461 app INFO  ["ARCH_TEST2_QUEUE 开始消费Worker 进程ID:10461"] 
20221026 22:59:23 #10486 app INFO  ["ARCH_TEST2_QUEUE 开始消费Worker 进程ID:10486"] 
20221026 22:59:23 #10483 app INFO  ["ARCH_TEST2_QUEUE 开始消费Worker 进程ID:10483"] 
20221026 22:59:23 #10471 app INFO  ["ARCH_TEST2_QUEUE 开始消费Worker 进程ID:10471"] 
20221026 22:59:23 #10487 app INFO  ["ARCH_TEST2_QUEUE 开始消费Worker 进程ID:10487"] 
20221026 22:59:23 #10494 app INFO  ["ARCH_TEST2_QUEUE 开始消费Worker 进程ID:10494"] 
20221026 22:59:23 #10490 app INFO  ["ARCH_TEST2_QUEUE 开始消费Worker 进程ID:10490"] 
20221026 22:59:23 #10496 app INFO  ["ARCH_TEST2_QUEUE 开始消费Worker 进程ID:10496"] 
20221026 22:59:23 #10491 app INFO  ["ARCH_TEST2_QUEUE 开始消费Worker 进程ID:10491"] 
20221026 22:59:23 #10498 app INFO  ["ARCH_TEST2_QUEUE 开始消费Worker 进程ID:10498"] 
20221026 22:59:23 #10497 app INFO  ["ARCH_TEST2_QUEUE 开始消费Worker 进程ID:10497"] 
20221026 22:59:23 #10492 app INFO  ["ARCH_TEST2_QUEUE 开始消费Worker 进程ID:10492"] 
20221026 22:59:23 #10489 app INFO  ["ARCH_TEST2_QUEUE 开始消费Worker 进程ID:10489"] 
20221026 22:59:23 #10495 app INFO  ["ARCH_TEST2_QUEUE 开始消费Worker 进程ID:10495"] 
20221026 22:59:23 #10488 app INFO  ["ARCH_TEST2_QUEUE 开始消费Worker 进程ID:10488"] 
20221026 22:59:23 #10493 app INFO  ["ARCH_TEST2_QUEUE 开始消费Worker 进程ID:10493"] 
20221026 22:59:23 #10506 app INFO  ["ARCH_TEST2_QUEUE 开始消费Worker 进程ID:10506"] 
20221026 22:59:23 #10501 app INFO  ["ARCH_TEST2_QUEUE 开始消费Worker 进程ID:10501"] 
20221026 22:59:23 #10503 app INFO  ["ARCH_TEST2_QUEUE 开始消费Worker 进程ID:10503"] 
20221026 22:59:23 #10502 app INFO  ["ARCH_TEST2_QUEUE 开始消费Worker 进程ID:10502"] 
20221026 22:59:23 #10499 app INFO  ["ARCH_TEST2_QUEUE 开始消费Worker 进程ID:10499"] 
20221026 22:59:23 #10504 app INFO  ["ARCH_TEST2_QUEUE 开始消费Worker 进程ID:10504"] 
20221026 22:59:23 #10505 app INFO  ["ARCH_TEST2_QUEUE 开始消费Worker 进程ID:10505"] 
20221026 22:59:23 #10517 app INFO  ["ARCH_TEST2_QUEUE 开始消费Worker 进程ID:10517"] 
20221026 22:59:23 #10515 app INFO  ["ARCH_TEST2_QUEUE 开始消费Worker 进程ID:10515"] 
20221026 22:59:23 #10507 app INFO  ["ARCH_TEST2_QUEUE 开始消费Worker 进程ID:10507"] 
20221026 22:59:23 #10514 app INFO  ["ARCH_TEST2_QUEUE 开始消费Worker 进程ID:10514"] 
20221026 22:59:23 #10518 app INFO  ["ARCH_TEST1_QUEUE 开始消费Worker 进程ID:10518"] 
20221026 22:59:23 #10500 app INFO  ["ARCH_TEST2_QUEUE 开始消费Worker 进程ID:10500"] 
20221026 22:59:23 #10509 app INFO  ["ARCH_TEST2_QUEUE 开始消费Worker 进程ID:10509"] 
20221026 22:59:23 #10511 app INFO  ["ARCH_TEST2_QUEUE 开始消费Worker 进程ID:10511"] 
20221026 22:59:23 #10512 app INFO  ["ARCH_TEST2_QUEUE 开始消费Worker 进程ID:10512"] 
20221026 22:59:23 #10516 app INFO  ["ARCH_TEST2_QUEUE 开始消费Worker 进程ID:10516"] 
20221026 22:59:23 #10508 app INFO  ["ARCH_TEST2_QUEUE 开始消费Worker 进程ID:10508"] 
20221026 22:59:23 #10510 app INFO  ["ARCH_TEST2_QUEUE 开始消费Worker 进程ID:10510"] 
20221026 22:59:23 #10513 app INFO  ["ARCH_TEST2_QUEUE 开始消费Worker 进程ID:10513"] 
